    Checking fabric v0.1.0 (/home/aurobear/Workspace/aletheon/crates/fabric)
    Checking platform v0.1.0 (/home/aurobear/Workspace/aletheon/crates/platform)
 Documenting execd v0.1.0 (/home/aurobear/Workspace/aletheon/crates/execd)
 Documenting fabric v0.1.0 (/home/aurobear/Workspace/aletheon/crates/fabric)
 Documenting platform v0.1.0 (/home/aurobear/Workspace/aletheon/crates/platform)
 Documenting runtime v0.1.0 (/home/aurobear/Workspace/aletheon/crates/runtime)
    Checking kernel v0.1.0 (/home/aurobear/Workspace/aletheon/crates/kernel)
    Checking gateway v0.1.0 (/home/aurobear/Workspace/aletheon/crates/gateway)
    Checking cognit v0.1.0 (/home/aurobear/Workspace/aletheon/crates/cognit)
    Checking mnemosyne v0.1.0 (/home/aurobear/Workspace/aletheon/crates/mnemosyne)
    Checking dasein v0.1.0 (/home/aurobear/Workspace/aletheon/crates/dasein)
    Checking agora v0.1.0 (/home/aurobear/Workspace/aletheon/crates/agora)
    Checking metacog v0.1.0 (/home/aurobear/Workspace/aletheon/crates/metacog)
    Checking corpus v0.1.0 (/home/aurobear/Workspace/aletheon/crates/corpus)
    Checking hardware v0.1.0 (/home/aurobear/Workspace/aletheon/crates/hardware)
    Checking interact v0.1.0 (/home/aurobear/Workspace/aletheon/crates/interact)
 Documenting mnemosyne v0.1.0 (/home/aurobear/Workspace/aletheon/crates/mnemosyne)
 Documenting corpus v0.1.0 (/home/aurobear/Workspace/aletheon/crates/corpus)
    Checking executive v0.1.0 (/home/aurobear/Workspace/aletheon/crates/executive)
 Documenting executive v0.1.0 (/home/aurobear/Workspace/aletheon/crates/executive)
 Documenting metacog v0.1.0 (/home/aurobear/Workspace/aletheon/crates/metacog)
 Documenting dasein v0.1.0 (/home/aurobear/Workspace/aletheon/crates/dasein)
 Documenting agora v0.1.0 (/home/aurobear/Workspace/aletheon/crates/agora)
 Documenting cognit v0.1.0 (/home/aurobear/Workspace/aletheon/crates/cognit)
 Documenting gateway v0.1.0 (/home/aurobear/Workspace/aletheon/crates/gateway)
 Documenting hardware v0.1.0 (/home/aurobear/Workspace/aletheon/crates/hardware)
 Documenting basic_agent v0.1.0 (/home/aurobear/Workspace/aletheon/examples/basic_agent)
 Documenting aletheon v0.1.0 (/home/aurobear/Workspace/aletheon/crates/aletheon)
 Documenting evolution_loop v0.1.0 (/home/aurobear/Workspace/aletheon/examples/evolution_loop)
 Documenting interact v0.1.0 (/home/aurobear/Workspace/aletheon/crates/interact)
 Documenting kernel v0.1.0 (/home/aurobear/Workspace/aletheon/crates/kernel)
    Finished `dev` profile [unoptimized + debuginfo] target(s) in 29.13s
   Generated /home/aurobear/.cache/aletheon-cargo/target/doc/agora/index.html and 17 other files

DURATION_SECONDS=29.25
